Spider mode enabled. Check if remote file exists.
--2016-01-15 12:28:16--  http://www.razorfish.com/
Resolving www.razorfish.com... 54.243.112.173, 23.21.206.249
Connecting to www.razorfish.com|54.243.112.173|:80... connected.
HTTP request sent, awaiting response... 200 OK
Length: unspecified [text/html]
Remote file exists and could contain links to other resources -- retrieving.

--2016-01-15 12:28:18--  http://www.razorfish.com/
Reusing existing connection to www.razorfish.com:80.
HTTP request sent, awaiting response... 200 OK
Length: unspecified [text/html]
Saving to: 'www.razorfish.com/index.html'

     0K .......... .......... .......... .......... ..........  332K
    50K .......... .......... .......... .......... ..........  631K
   100K .......... .......... .......... .......... ..........  667K
   150K ........                                               1.95M=0.3s

2016-01-15 12:28:19 (512 KB/s) - 'www.razorfish.com/index.html' saved [161836]

Removing www.razorfish.com/index.html.

Spider mode enabled. Check if remote file exists.
--2016-01-15 12:28:20--  http://www.razorfish.com/img/RF_FavIcon.jpg
Reusing existing connection to www.razorfish.com:80.
HTTP request sent, awaiting response... 200 OK
Length: 1465 (1.4K) [image/jpeg]
Remote file exists but does not contain any link -- not retrieving.

Removing www.razorfish.com/img/RF_FavIcon.jpg.
unlink: No such file or directory

Spider mode enabled. Check if remote file exists.
--2016-01-15 12:28:21--  http://www.razorfish.com/css/reset.css
Connecting to www.razorfish.com|54.243.112.173|:80... connected.
HTTP request sent, awaiting response... 200 OK
Length: unspecified [text/css]
Remote file exists but does not contain any link -- not retrieving.

www.razorfish.com/css/reset.css: No such file or directory
Removing www.razorfish.com/css/reset.css.
unlink: No such file or directory

Spider mode enabled. Check if remote file exists.
--2016-01-15 12:28:22--  http://www.razorfish.com/css/global.css
Reusing existing connection to www.razorfish.com:80.
HTTP request sent, awaiting response... 200 OK
Length: unspecified [text/css]
Remote file exists but does not contain any link -- not retrieving.

www.razorfish.com/css/global.css: No such file or directory
Removing www.razorfish.com/css/global.css.
unlink: No such file or directory

Spider mode enabled. Check if remote file exists.
--2016-01-15 12:28:24--  http://www.razorfish.com/css/home.css
Reusing existing connection to www.razorfish.com:80.
HTTP request sent, awaiting response... 200 OK
Length: unspecified [text/css]
Remote file exists but does not contain any link -- not retrieving.

www.razorfish.com/css/home.css: No such file or directory
Removing www.razorfish.com/css/home.css.
unlink: No such file or directory

Spider mode enabled. Check if remote file exists.
--2016-01-15 12:28:25--  http://www.razorfish.com/js/libs/modernizr-2.5.3.min.js
Reusing existing connection to www.razorfish.com:80.
HTTP request sent, awaiting response... 200 OK
Length: unspecified [application/javascript]
Remote file exists but does not contain any link -- not retrieving.

Removing www.razorfish.com/js/libs/modernizr-2.5.3.min.js.
unlink: No such file or directory

Spider mode enabled. Check if remote file exists.
--2016-01-15 12:28:26--  http://www.razorfish.com/img/hi/contents/zeitgeist/cities/share_hot_topic.png
Reusing existing connection to www.razorfish.com:80.
HTTP request sent, awaiting response... 200 OK
Length: 3453 (3.4K) [image/png]
Remote file exists but does not contain any link -- not retrieving.

Removing www.razorfish.com/img/hi/contents/zeitgeist/cities/share_hot_topic.png.
unlink: No such file or directory

Spider mode enabled. Check if remote file exists.
--2016-01-15 12:28:27--  http://www.razorfish.com/img/hi/contents/zeitgeist/cities/share_tweet_week.png
Reusing existing connection to www.razorfish.com:80.
HTTP request sent, awaiting response... 200 OK
Length: 2122 (2.1K) [image/png]
Remote file exists but does not contain any link -- not retrieving.

Removing www.razorfish.com/img/hi/contents/zeitgeist/cities/share_tweet_week.png.
unlink: No such file or directory

Spider mode enabled. Check if remote file exists.
--2016-01-15 12:28:35--  http://www.razorfish.com/img/hi/contents/zeitgeist/cities/share_more_tweets.png
Reusing existing connection to www.razorfish.com:80.
HTTP request sent, awaiting response... 200 OK
Length: 3396 (3.3K) [image/png]
Remote file exists but does not contain any link -- not retrieving.

Removing www.razorfish.com/img/hi/contents/zeitgeist/cities/share_more_tweets.png.
unlink: No such file or directory

Spider mode enabled. Check if remote file exists.
--2016-01-15 12:28:37--  http://www.razorfish.com/img/hi/contents/zeitgeist/cities/checkin_lunch.png
Reusing existing connection to www.razorfish.com:80.
HTTP request sent, awaiting response... 200 OK
Length: 3602 (3.5K) [image/png]
Remote file ex